Unity Editor version:    2022.1.15f1 (42973686a05c)
Branch:                  2022.1/staging
Build type:              Release
Batch mode:              YES
macOS version:           Version 12.6.3 (Build 21G419)
Darwin version:          21.6.0
Architecture:            x86_64
Running under Rosetta:   NO
Available memory:        16384 MB
Using pre-set license
Pro License: YES

COMMAND LINE ARGUMENTS:
/Applications/Unity/Hub/Editor/2022.1.15f1/Unity.app/Contents/MacOS/Unity
-adb2
-batchMode
-noUpm
-name
AssetImportWorker0
-projectPath
/Users/hsuehpo42777/Horror Survival 2022
-logFile
Logs/AssetImportWorker0.log
-srvPort
49374
Successfully changed project path to: /Users/hsuehpo42777/Horror Survival 2022
/Users/hsuehpo42777/Horror Survival 2022
[UnityMemory] Configuration Parameters - Can be set up in boot.config
    "memorysetup-bucket-allocator-granularity=16"
    "memorysetup-bucket-allocator-bucket-count=8"
    "memorysetup-bucket-allocator-block-size=33554432"
    "memorysetup-bucket-allocator-block-count=8"
    "memorysetup-main-allocator-block-size=16777216"
    "memorysetup-thread-allocator-block-size=16777216"
    "memorysetup-gfx-main-allocator-block-size=16777216"
    "memorysetup-gfx-thread-allocator-block-size=16777216"
    "memorysetup-cache-allocator-block-size=4194304"
    "memorysetup-typetree-allocator-block-size=2097152"
    "memorysetup-profiler-bucket-allocator-granularity=16"
    "memorysetup-profiler-bucket-allocator-bucket-count=8"
    "memorysetup-profiler-bucket-allocator-block-size=33554432"
    "memorysetup-profiler-bucket-allocator-block-count=8"
    "memorysetup-profiler-allocator-block-size=16777216"
    "memorysetup-profiler-editor-allocator-block-size=1048576"
    "memorysetup-temp-allocator-size-main=16777216"
    "memorysetup-job-temp-allocator-block-size=2097152"
    "memorysetup-job-temp-allocator-block-size-background=1048576"
    "memorysetup-job-temp-allocator-reduction-small-platforms=262144"
    "memorysetup-temp-allocator-size-background-worker=32768"
    "memorysetup-temp-allocator-size-job-worker=262144"
    "memorysetup-temp-allocator-size-preload-manager=33554432"
    "memorysetup-temp-allocator-size-nav-mesh-worker=65536"
    "memorysetup-temp-allocator-size-audio-worker=65536"
    "memorysetup-temp-allocator-size-cloud-worker=32768"
    "memorysetup-temp-allocator-size-gi-baking-worker=262144"
    "memorysetup-temp-allocator-size-gfx=262144"
Refreshing native plugins compatible for Editor in 232.14 ms, found 2 plugins.
Preloading 0 native plugins for Editor in 0.00 ms.
Initialize engine version: 2022.1.15f1 (42973686a05c)
[Subsystems] Discovering subsystems at path /Applications/Unity/Hub/Editor/2022.1.15f1/Unity.app/Contents/Resources/UnitySubsystems
[Subsystems] Discovering subsystems at path /Users/hsuehpo42777/Horror Survival 2022/Assets
GfxDevice: creating device client; threaded=0; jobified=0
Color LCD preferred device: Intel(R) Iris(TM) Plus Graphics (low power)
Metal devices available: 1
0: Intel(R) Iris(TM) Plus Graphics (low power)
Using device Intel(R) Iris(TM) Plus Graphics (low power)
Initializing Metal device caps: Intel(R) Iris(TM) Plus Graphics
Initialize mono
Mono path[0] = '/Applications/Unity/Hub/Editor/2022.1.15f1/Unity.app/Contents/Managed'
Mono path[1] = '/Applications/Unity/Hub/Editor/2022.1.15f1/Unity.app/Contents/MonoBleedingEdge/lib/mono/unityjit-macos'
Mono config path = '/Applications/Unity/Hub/Editor/2022.1.15f1/Unity.app/Contents/MonoBleedingEdge/etc'
Using monoOptions --debugger-agent=transport=dt_socket,embedding=1,server=y,suspend=n,address=127.0.0.1:56513
Begin MonoManager ReloadAssembly
Registering precompiled unity dll's ...
Register platform support module: /Applications/Unity/Hub/Editor/2022.1.15f1/PlaybackEngines/WebGLSupport/UnityEditor.WebGL.Extensions.dll
Register platform support module: /Applications/Unity/Hub/Editor/2022.1.15f1/Unity.app/Contents/PlaybackEngines/MacStandaloneSupport/UnityEditor.OSXStandalone.Extensions.dll
Registered in 0.003810 seconds.
Native extension for OSXStandalone target not found
Native extension for WebGL target not found
Refreshing native plugins compatible for Editor in 134.60 ms, found 2 plugins.
Preloading 0 native plugins for Editor in 0.00 ms.
Mono: successfully reloaded assembly
- Completed reload, in  1.421 seconds
Domain Reload Profiling:
	ReloadAssembly (1421ms)
		BeginReloadAssembly (291ms)
			ExecutionOrderSort (0ms)
			DisableScriptedObjects (0ms)
			BackupInstance (0ms)
			ReleaseScriptingObjects (0ms)
			CreateAndSetChildDomain (3ms)
		EndReloadAssembly (906ms)
			LoadAssemblies (292ms)
			RebuildTransferFunctionScriptingTraits (0ms)
			SetupTypeCache (255ms)
				TypeCache.Initialize (254ms)
					TypeCache.ScanAssembly (252ms)
				ResolveRequiredComponents (1ms)
			ReleaseScriptCaches (0ms)
			RebuildScriptCaches (58ms)
			SetupLoadedEditorAssemblies (492ms)
				LogAssemblyErrors (0ms)
				InitializePlatformSupportModulesInManaged (14ms)
				SetLoadedEditorAssemblies (12ms)
				RefreshPlugins (135ms)
				BeforeProcessingInitializeOnLoad (2ms)
				ProcessInitializeOnLoadAttributes (252ms)
				ProcessInitializeOnLoadMethodAttributes (77ms)
				AfterProcessingInitializeOnLoad (0ms)
				EditorAssembliesLoaded (0ms)
			ExecutionOrderSort2 (0ms)
			AwakeInstancesAfterBackupRestoration (0ms)
Platform modules already initialized, skipping
Registering precompiled user dll's ...
Registered in 0.015078 seconds.
Begin MonoManager ReloadAssembly
Symbol file LoadedFromMemory doesn't match image /Users/hsuehpo42777/Horror Survival 2022/Library/PackageCache/com.unity.visualscripting@1.7.8/Editor/VisualScripting.Core/Dependencies/YamlDotNet/Unity.VisualScripting.YamlDotNet.dll
Symbol file LoadedFromMemory doesn't match image /Users/hsuehpo42777/Horror Survival 2022/Library/PackageCache/com.unity.visualscripting@1.7.8/Editor/VisualScripting.Core/Dependencies/DotNetZip/Unity.VisualScripting.IonicZip.dll
Native extension for OSXStandalone target not found
Native extension for WebGL target not found
Refreshing native plugins compatible for Editor in 1.97 ms, found 2 plugins.
Preloading 0 native plugins for Editor in 0.00 ms.
[ScriptCompilation] NOT recompiling all scripts because this is an import worker process. Reason to compile was: Define symbols changed
Mono: successfully reloaded assembly
- Completed reload, in  3.131 seconds
Domain Reload Profiling:
	ReloadAssembly (3134ms)
		BeginReloadAssembly (350ms)
			ExecutionOrderSort (0ms)
			DisableScriptedObjects (16ms)
			BackupInstance (0ms)
			ReleaseScriptingObjects (1ms)
			CreateAndSetChildDomain (105ms)
		EndReloadAssembly (2444ms)
			LoadAssemblies (267ms)
			RebuildTransferFunctionScriptingTraits (0ms)
			SetupTypeCache (765ms)
				TypeCache.Initialize (749ms)
					TypeCache.ScanAssembly (740ms)
				ResolveRequiredComponents (16ms)
			ReleaseScriptCaches (1ms)
			RebuildScriptCaches (185ms)
			SetupLoadedEditorAssemblies (1063ms)
				LogAssemblyErrors (0ms)
				InitializePlatformSupportModulesInManaged (15ms)
				SetLoadedEditorAssemblies (21ms)
				RefreshPlugins (2ms)
				BeforeProcessingInitializeOnLoad (160ms)
				ProcessInitializeOnLoadAttributes (770ms)
				ProcessInitializeOnLoadMethodAttributes (92ms)
				AfterProcessingInitializeOnLoad (2ms)
				EditorAssembliesLoaded (1ms)
			ExecutionOrderSort2 (0ms)
			AwakeInstancesAfterBackupRestoration (13ms)
Platform modules already initialized, skipping
========================================================================
Worker process is ready to serve import requests
Launching external process: /Applications/Unity/Hub/Editor/2022.1.15f1/Unity.app/Contents/Tools/UnityShaderCompiler
Launched and connected shader compiler UnityShaderCompiler after 0.14 seconds
Refreshing native plugins compatible for Editor in 0.81 ms, found 2 plugins.
Preloading 0 native plugins for Editor in 0.00 ms.
Unloading 3515 Unused Serialized files (Serialized files now loaded: 0)
Unloading 42 unused Assets / (2.4 MB). Loaded Objects now: 3985.
Memory consumption went from 0.67 GB to 0.67 GB.
Total: 6.020715 ms (FindLiveObjects: 0.313135 ms CreateObjectMapping: 0.218365 ms MarkObjects: 4.155541 ms  DeleteObjects: 1.331913 ms)

AssetImportParameters requested are different than current active one (requested -> active):
  custom:video-decoder-ogg-theora: a1e56fd34408186e4bbccfd4996cb3dc -> 
  custom:container-muxer-webm: aa71ff27fc2769a1b78a27578f13a17b -> 
  custom:container-demuxer-webm: 4f35f7cbe854078d1ac9338744f61a02 -> 
  custom:video-encoder-webm-vp8: eb34c28f22e8b96e1ab97ce403110664 -> 
  custom:framework-osx-AVFoundation: e770b220cccbd017edd2c1fefb359320 -> 
  custom:audio-encoder-webm-vorbis: bf7c407c2cedff20999df2af8eb42d56 -> 
  custom:container-demuxer-ogg: 62fdf1f143b41e24485cea50d1cbac27 -> 
  custom:video-decoder-webm-vp8: 9c59270c3fd7afecdb556c50c9e8de78 -> 
  custom:audio-decoder-ogg-vorbis: bf7c407c2cedff20999df2af8eb42d56 -> 
========================================================================
Received Import Request.
  Time since last request: 1239.006393 seconds.
  path: Assets/MyScenes/HorrorScene_Profiles
  artifactKey: Guid(53c3d6017175f421c9b859fb4d9f1f3c) Importer(815301076,1909f56bfc062723c751e8b465ee728b)
Start importing Assets/MyScenes/HorrorScene_Profiles using Guid(53c3d6017175f421c9b859fb4d9f1f3c) Importer(815301076,1909f56bfc062723c751e8b465ee728b)  -> (artifact id: '4e998927ad0dec3c9061fb851c921e8a') in 0.003195 seconds 
========================================================================
Received Import Request.
  Time since last request: 7.137264 seconds.
  path: Assets/MyScenes/HorrorScene_Profiles/FirstPersonCharacter Profile.asset
  artifactKey: Guid(3e772b9b172894e488518ac92edda286) Importer(815301076,1909f56bfc062723c751e8b465ee728b)
Start importing Assets/MyScenes/HorrorScene_Profiles/FirstPersonCharacter Profile.asset using Guid(3e772b9b172894e488518ac92edda286) Importer(815301076,1909f56bfc062723c751e8b465ee728b)  -> (artifact id: 'e7f428eec521d51dc9452aad395aa53a') in 0.194054 seconds 
========================================================================
Received Import Request.
  Time since last request: 312.191269 seconds.
  path: Assets/MyScenes/HorrorScene_Profiles/FirstPersonCharacter Profile.asset
  artifactKey: Guid(3e772b9b172894e488518ac92edda286) Importer(815301076,1909f56bfc062723c751e8b465ee728b)
Start importing Assets/MyScenes/HorrorScene_Profiles/FirstPersonCharacter Profile.asset using Guid(3e772b9b172894e488518ac92edda286) Importer(815301076,1909f56bfc062723c751e8b465ee728b)  -> (artifact id: '4834cd30c1f0c5a62ae273ab9664e2a4') in 0.014754 seconds 
========================================================================
Received Import Request.
  Time since last request: 53.796676 seconds.
  path: Assets/MyScenes/HorrorScene_Profiles/FirstPersonCharacter Profile.asset
  artifactKey: Guid(3e772b9b172894e488518ac92edda286) Importer(815301076,1909f56bfc062723c751e8b465ee728b)
Start importing Assets/MyScenes/HorrorScene_Profiles/FirstPersonCharacter Profile.asset using Guid(3e772b9b172894e488518ac92edda286) Importer(815301076,1909f56bfc062723c751e8b465ee728b)  -> (artifact id: '7b08a067249f16f1c704ee49bd5d0fc1') in 0.005857 seconds 
========================================================================
Received Import Request.
  Time since last request: 64.356301 seconds.
  path: Assets/MyScenes/HorrorScene_Profiles/FirstPersonCharacter Profile.asset
  artifactKey: Guid(3e772b9b172894e488518ac92edda286) Importer(815301076,1909f56bfc062723c751e8b465ee728b)
Start importing Assets/MyScenes/HorrorScene_Profiles/FirstPersonCharacter Profile.asset using Guid(3e772b9b172894e488518ac92edda286) Importer(815301076,1909f56bfc062723c751e8b465ee728b)  -> (artifact id: '4574fff6a003ae9f5dd3fb48291a91d6') in 0.013950 seconds 
========================================================================
Received Import Request.
  Time since last request: 194.587915 seconds.
  path: Assets/MyScenes/HorrorScene_Profiles/FirstPersonCharacter Profile.asset
  artifactKey: Guid(3e772b9b172894e488518ac92edda286) Importer(815301076,1909f56bfc062723c751e8b465ee728b)
Start importing Assets/MyScenes/HorrorScene_Profiles/FirstPersonCharacter Profile.asset using Guid(3e772b9b172894e488518ac92edda286) Importer(815301076,1909f56bfc062723c751e8b465ee728b)  -> (artifact id: '40258e305f7a07554af4d9ebdc5d8f4e') in 0.004337 seconds 
========================================================================
Received Import Request.
  Time since last request: 36.462589 seconds.
  path: Assets/MyScenes/HorrorScene_Profiles/FirstPersonCharacter Profile.asset
  artifactKey: Guid(3e772b9b172894e488518ac92edda286) Importer(815301076,1909f56bfc062723c751e8b465ee728b)
Start importing Assets/MyScenes/HorrorScene_Profiles/FirstPersonCharacter Profile.asset using Guid(3e772b9b172894e488518ac92edda286) Importer(815301076,1909f56bfc062723c751e8b465ee728b)  -> (artifact id: 'acfed6f54e6e1e2ee74792c87af0ee6f') in 0.006218 seconds 
========================================================================
Received Import Request.
  Time since last request: 276.420873 seconds.
  path: Assets/MyScenes/HorrorScene_Profiles/FirstPersonCharacter Profile.asset
  artifactKey: Guid(3e772b9b172894e488518ac92edda286) Importer(815301076,1909f56bfc062723c751e8b465ee728b)
Start importing Assets/MyScenes/HorrorScene_Profiles/FirstPersonCharacter Profile.asset using Guid(3e772b9b172894e488518ac92edda286) Importer(815301076,1909f56bfc062723c751e8b465ee728b)  -> (artifact id: '8ad6ddc80238447163bf9378e2f37d77') in 0.005456 seconds 
========================================================================
Received Prepare
Registering precompiled user dll's ...
Registered in 0.002604 seconds.
Begin MonoManager ReloadAssembly
Symbol file LoadedFromMemory doesn't match image /Users/hsuehpo42777/Horror Survival 2022/Library/PackageCache/com.unity.visualscripting@1.7.8/Editor/VisualScripting.Core/Dependencies/YamlDotNet/Unity.VisualScripting.YamlDotNet.dll
Symbol file LoadedFromMemory doesn't match image /Users/hsuehpo42777/Horror Survival 2022/Library/PackageCache/com.unity.visualscripting@1.7.8/Editor/VisualScripting.Core/Dependencies/DotNetZip/Unity.VisualScripting.IonicZip.dll
Native extension for OSXStandalone target not found
Native extension for WebGL target not found
Refreshing native plugins compatible for Editor in 0.88 ms, found 2 plugins.
Preloading 0 native plugins for Editor in 0.00 ms.
Mono: successfully reloaded assembly
- Completed reload, in  1.942 seconds
Domain Reload Profiling:
	ReloadAssembly (1944ms)
		BeginReloadAssembly (279ms)
			ExecutionOrderSort (0ms)
			DisableScriptedObjects (10ms)
			BackupInstance (0ms)
			ReleaseScriptingObjects (0ms)
			CreateAndSetChildDomain (133ms)
		EndReloadAssembly (1497ms)
			LoadAssemblies (110ms)
			RebuildTransferFunctionScriptingTraits (0ms)
			SetupTypeCache (557ms)
				TypeCache.Initialize (547ms)
					TypeCache.ScanAssembly (539ms)
				ResolveRequiredComponents (11ms)
			ReleaseScriptCaches (2ms)
			RebuildScriptCaches (75ms)
			SetupLoadedEditorAssemblies (633ms)
				LogAssemblyErrors (0ms)
				InitializePlatformSupportModulesInManaged (15ms)
				SetLoadedEditorAssemblies (11ms)
				RefreshPlugins (1ms)
				BeforeProcessingInitializeOnLoad (74ms)
				ProcessInitializeOnLoadAttributes (459ms)
				ProcessInitializeOnLoadMethodAttributes (70ms)
				AfterProcessingInitializeOnLoad (2ms)
				EditorAssembliesLoaded (0ms)
			ExecutionOrderSort2 (0ms)
			AwakeInstancesAfterBackupRestoration (10ms)
Platform modules already initialized, skipping
Refreshing native plugins compatible for Editor in 4.34 ms, found 2 plugins.
Preloading 0 native plugins for Editor in 0.00 ms.
Unloading 3459 Unused Serialized files (Serialized files now loaded: 0)
Unloading 35 unused Assets / (2.4 MB). Loaded Objects now: 3989.
Memory consumption went from 0.67 GB to 0.66 GB.
Total: 6.387329 ms (FindLiveObjects: 0.256977 ms CreateObjectMapping: 0.170219 ms MarkObjects: 4.761329 ms  DeleteObjects: 1.196785 ms)

AssetImportParameters requested are different than current active one (requested -> active):
  custom:video-decoder-ogg-theora: a1e56fd34408186e4bbccfd4996cb3dc -> 
  custom:container-muxer-webm: aa71ff27fc2769a1b78a27578f13a17b -> 
  custom:container-demuxer-webm: 4f35f7cbe854078d1ac9338744f61a02 -> 
  custom:video-encoder-webm-vp8: eb34c28f22e8b96e1ab97ce403110664 -> 
  custom:framework-osx-AVFoundation: e770b220cccbd017edd2c1fefb359320 -> 
  custom:audio-encoder-webm-vorbis: bf7c407c2cedff20999df2af8eb42d56 -> 
  custom:container-demuxer-ogg: 62fdf1f143b41e24485cea50d1cbac27 -> 
  custom:video-decoder-webm-vp8: 9c59270c3fd7afecdb556c50c9e8de78 -> 
  custom:audio-decoder-ogg-vorbis: bf7c407c2cedff20999df2af8eb42d56 -> 
========================================================================
Received Prepare
Registering precompiled user dll's ...
Registered in 0.002958 seconds.
Begin MonoManager ReloadAssembly
Symbol file LoadedFromMemory doesn't match image /Users/hsuehpo42777/Horror Survival 2022/Library/PackageCache/com.unity.visualscripting@1.7.8/Editor/VisualScripting.Core/Dependencies/YamlDotNet/Unity.VisualScripting.YamlDotNet.dll
Symbol file LoadedFromMemory doesn't match image /Users/hsuehpo42777/Horror Survival 2022/Library/PackageCache/com.unity.visualscripting@1.7.8/Editor/VisualScripting.Core/Dependencies/DotNetZip/Unity.VisualScripting.IonicZip.dll
Native extension for OSXStandalone target not found
Native extension for WebGL target not found
Refreshing native plugins compatible for Editor in 0.78 ms, found 2 plugins.
Preloading 0 native plugins for Editor in 0.00 ms.
Mono: successfully reloaded assembly
- Completed reload, in  1.740 seconds
Domain Reload Profiling:
	ReloadAssembly (1742ms)
		BeginReloadAssembly (206ms)
			ExecutionOrderSort (0ms)
			DisableScriptedObjects (9ms)
			BackupInstance (0ms)
			ReleaseScriptingObjects (0ms)
			CreateAndSetChildDomain (91ms)
		EndReloadAssembly (1372ms)
			LoadAssemblies (95ms)
			RebuildTransferFunctionScriptingTraits (0ms)
			SetupTypeCache (548ms)
				TypeCache.Initialize (536ms)
					TypeCache.ScanAssembly (528ms)
				ResolveRequiredComponents (12ms)
			ReleaseScriptCaches (2ms)
			RebuildScriptCaches (73ms)
			SetupLoadedEditorAssemblies (538ms)
				LogAssemblyErrors (0ms)
				InitializePlatformSupportModulesInManaged (18ms)
				SetLoadedEditorAssemblies (11ms)
				RefreshPlugins (1ms)
				BeforeProcessingInitializeOnLoad (74ms)
				ProcessInitializeOnLoadAttributes (387ms)
				ProcessInitializeOnLoadMethodAttributes (45ms)
				AfterProcessingInitializeOnLoad (2ms)
				EditorAssembliesLoaded (0ms)
			ExecutionOrderSort2 (0ms)
			AwakeInstancesAfterBackupRestoration (7ms)
Platform modules already initialized, skipping
Refreshing native plugins compatible for Editor in 2.44 ms, found 2 plugins.
Preloading 0 native plugins for Editor in 0.00 ms.
Unloading 3459 Unused Serialized files (Serialized files now loaded: 0)
Unloading 35 unused Assets / (2.4 MB). Loaded Objects now: 3992.
Memory consumption went from 0.67 GB to 0.66 GB.
Total: 5.241473 ms (FindLiveObjects: 0.253967 ms CreateObjectMapping: 0.167833 ms MarkObjects: 3.915585 ms  DeleteObjects: 0.902595 ms)

AssetImportParameters requested are different than current active one (requested -> active):
  custom:video-decoder-ogg-theora: a1e56fd34408186e4bbccfd4996cb3dc -> 
  custom:container-muxer-webm: aa71ff27fc2769a1b78a27578f13a17b -> 
  custom:container-demuxer-webm: 4f35f7cbe854078d1ac9338744f61a02 -> 
  custom:video-encoder-webm-vp8: eb34c28f22e8b96e1ab97ce403110664 -> 
  custom:framework-osx-AVFoundation: e770b220cccbd017edd2c1fefb359320 -> 
  custom:audio-encoder-webm-vorbis: bf7c407c2cedff20999df2af8eb42d56 -> 
  custom:container-demuxer-ogg: 62fdf1f143b41e24485cea50d1cbac27 -> 
  custom:video-decoder-webm-vp8: 9c59270c3fd7afecdb556c50c9e8de78 -> 
  custom:audio-decoder-ogg-vorbis: bf7c407c2cedff20999df2af8eb42d56 -> 
========================================================================
Received Import Request.
  Time since last request: 624.955702 seconds.
  path: Assets/Flooded_Grounds/Content
  artifactKey: Guid(2e150d6ce3d33f84295eac3b1ec2f056) Importer(815301076,1909f56bfc062723c751e8b465ee728b)
Start importing Assets/Flooded_Grounds/Content using Guid(2e150d6ce3d33f84295eac3b1ec2f056) Importer(815301076,1909f56bfc062723c751e8b465ee728b)  -> (artifact id: 'b6239de989d3ff16352683d5c3f14319') in 0.003367 seconds 
========================================================================
Received Import Request.
  Time since last request: 1.352317 seconds.
  path: Assets/Flooded_Grounds/Content/Materials
  artifactKey: Guid(5c3f1ab731e541841b79f7a5d2f1b27e) Importer(815301076,1909f56bfc062723c751e8b465ee728b)
Start importing Assets/Flooded_Grounds/Content/Materials using Guid(5c3f1ab731e541841b79f7a5d2f1b27e) Importer(815301076,1909f56bfc062723c751e8b465ee728b)  -> (artifact id: 'ea1383492ec5cd2427d01122782dd281') in 0.001705 seconds 
========================================================================
Received Import Request.
  Time since last request: 0.101027 seconds.
  path: Assets/Flooded_Grounds/Content/Materials/ATM_DustParticle.mat
  artifactKey: Guid(43af489cd38ff014e8e9a7a8cea78a7e) Importer(815301076,1909f56bfc062723c751e8b465ee728b)
Start importing Assets/Flooded_Grounds/Content/Materials/ATM_DustParticle.mat using Guid(43af489cd38ff014e8e9a7a8cea78a7e) Importer(815301076,1909f56bfc062723c751e8b465ee728b)  -> (artifact id: 'a1e01b00248761c65c4e752fcb675319') in 0.955960 seconds 
========================================================================
Received Import Request.
  Time since last request: 0.000138 seconds.
  path: Assets/Flooded_Grounds/Content/Materials/NAT_Rocks1.mat
  artifactKey: Guid(de18bcdd793065b41b94a4fe88816ca2) Importer(815301076,1909f56bfc062723c751e8b465ee728b)
Start importing Assets/Flooded_Grounds/Content/Materials/NAT_Rocks1.mat using Guid(de18bcdd793065b41b94a4fe88816ca2) Importer(815301076,1909f56bfc062723c751e8b465ee728b)  -> (artifact id: 'db3ba636eb77bb83a887196633aa5adf') in 0.911522 seconds 
========================================================================
Received Import Request.
  Time since last request: 0.000117 seconds.
  path: Assets/Flooded_Grounds/Content/Materials/BLD_Doors1.mat
  artifactKey: Guid(7a8d6bb394f243445b9377162ba792a8) Importer(815301076,1909f56bfc062723c751e8b465ee728b)
Start importing Assets/Flooded_Grounds/Content/Materials/BLD_Doors1.mat using Guid(7a8d6bb394f243445b9377162ba792a8) Importer(815301076,1909f56bfc062723c751e8b465ee728b)  -> (artifact id: '3f10b39346f1b9004a665177e168dcf9') in 1.312499 seconds 
========================================================================
Received Import Request.
  Time since last request: 0.000254 seconds.
  path: Assets/Flooded_Grounds/Content/Materials/BLD_Structures2_LOD.mat
  artifactKey: Guid(0a5e5d99899513c4eb2d420489f08ccd) Importer(815301076,1909f56bfc062723c751e8b465ee728b)
Start importing Assets/Flooded_Grounds/Content/Materials/BLD_Structures2_LOD.mat using Guid(0a5e5d99899513c4eb2d420489f08ccd) Importer(815301076,1909f56bfc062723c751e8b465ee728b)  -> (artifact id: '719e195588328a8b910a38c75050b68c') in 0.641284 seconds 
========================================================================
Received Import Request.
  Time since last request: 0.000114 seconds.
  path: Assets/Flooded_Grounds/Content/Materials/BLD_Cabins_Mossy.mat
  artifactKey: Guid(0491e1d077b3ca643a27b77d56cc03b3) Importer(815301076,1909f56bfc062723c751e8b465ee728b)
Start importing Assets/Flooded_Grounds/Content/Materials/BLD_Cabins_Mossy.mat using Guid(0491e1d077b3ca643a27b77d56cc03b3) Importer(815301076,1909f56bfc062723c751e8b465ee728b)  -> (artifact id: '655230bd2797aabbe7d4c256caecee6f') in 0.079472 seconds 
========================================================================
Received Import Request.
  Time since last request: 0.000164 seconds.
  path: Assets/Flooded_Grounds/Content/Materials/BLD_BrickHouse1.mat
  artifactKey: Guid(47922826feb9d49488af116a75bc66c4) Importer(815301076,1909f56bfc062723c751e8b465ee728b)
Start importing Assets/Flooded_Grounds/Content/Materials/BLD_BrickHouse1.mat using Guid(47922826feb9d49488af116a75bc66c4) Importer(815301076,1909f56bfc062723c751e8b465ee728b)  -> (artifact id: '74870788c1d8cb7af4538ec5fac53242') in 0.107822 seconds 
========================================================================
Received Import Request.
  Time since last request: 0.000151 seconds.
  path: Assets/Flooded_Grounds/Content/Materials/BLD_Bridge1_LOD.mat
  artifactKey: Guid(b39a473fb30ef8d44818ba4b9e2eebc0) Importer(815301076,1909f56bfc062723c751e8b465ee728b)
Start importing Assets/Flooded_Grounds/Content/Materials/BLD_Bridge1_LOD.mat using Guid(b39a473fb30ef8d44818ba4b9e2eebc0) Importer(815301076,1909f56bfc062723c751e8b465ee728b)  -> (artifact id: '9924bc5b4beb2682cea19fe9c1f3a7ad') in 0.054296 seconds 
========================================================================
Received Import Request.
  Time since last request: 0.000109 seconds.
  path: Assets/Flooded_Grounds/Content/Materials/NAT_Grass.mat
  artifactKey: Guid(c6d8319ab8e4fb64494c4a9e3b97dc9d) Importer(815301076,1909f56bfc062723c751e8b465ee728b)
Start importing Assets/Flooded_Grounds/Content/Materials/NAT_Grass.mat using Guid(c6d8319ab8e4fb64494c4a9e3b97dc9d) Importer(815301076,1909f56bfc062723c751e8b465ee728b)  -> (artifact id: 'd80d096f1c3cd5d6ebe8bf771f378175') in 0.751250 seconds 
========================================================================
Received Import Request.
  Time since last request: 0.000137 seconds.
  path: Assets/Flooded_Grounds/Content/Materials/PROP_Car1_Rusty.mat
  artifactKey: Guid(a874786ec890ec242b71602e1a9134d3) Importer(815301076,1909f56bfc062723c751e8b465ee728b)
Start importing Assets/Flooded_Grounds/Content/Materials/PROP_Car1_Rusty.mat using Guid(a874786ec890ec242b71602e1a9134d3) Importer(815301076,1909f56bfc062723c751e8b465ee728b)  -> (artifact id: '3f7ae7e4e36a1fe353bc4414fbaea65a') in 0.087561 seconds 
========================================================================
Received Import Request.
  Time since last request: 0.000159 seconds.
  path: Assets/Flooded_Grounds/Content/Materials/PROP_ParkBench1.mat
  artifactKey: Guid(c99ab68b85e64f947b9e704d96a4b3b9) Importer(815301076,1909f56bfc062723c751e8b465ee728b)
Start importing Assets/Flooded_Grounds/Content/Materials/PROP_ParkBench1.mat using Guid(c99ab68b85e64f947b9e704d96a4b3b9) Importer(815301076,1909f56bfc062723c751e8b465ee728b)  -> (artifact id: '4b8d039fda127cc6a8a8572ae844bc49') in 0.079653 seconds 
========================================================================
Received Import Request.
  Time since last request: 0.000155 seconds.
  path: Assets/Flooded_Grounds/Content/Materials/HLP_BlockerCube.mat
  artifactKey: Guid(8f6da883fc822d448a34f8decce1a838) Importer(815301076,1909f56bfc062723c751e8b465ee728b)
Start importing Assets/Flooded_Grounds/Content/Materials/HLP_BlockerCube.mat using Guid(8f6da883fc822d448a34f8decce1a838) Importer(815301076,1909f56bfc062723c751e8b465ee728b)  -> (artifact id: '24d16f73456ead3781190cf22068d4c7') in 0.702156 seconds 
========================================================================
Received Import Request.
  Time since last request: 0.000079 seconds.
  path: Assets/Flooded_Grounds/Content/Materials/PROP_Boat1.mat
  artifactKey: Guid(e84fb6d56e433824fad1b71e95adaa05) Importer(815301076,1909f56bfc062723c751e8b465ee728b)
Start importing Assets/Flooded_Grounds/Content/Materials/PROP_Boat1.mat using Guid(e84fb6d56e433824fad1b71e95adaa05) Importer(815301076,1909f56bfc062723c751e8b465ee728b)  -> (artifact id: 'f78cb7e082d3824880359b59054dd95b') in 0.084476 seconds 
========================================================================
Received Import Request.
  Time since last request: 0.000083 seconds.
  path: Assets/Flooded_Grounds/Content/Materials/ATM_Leaf1.mat
  artifactKey: Guid(e049ee4d8606de040a720fb72ae1d9f2) Importer(815301076,1909f56bfc062723c751e8b465ee728b)
Start importing Assets/Flooded_Grounds/Content/Materials/ATM_Leaf1.mat using Guid(e049ee4d8606de040a720fb72ae1d9f2) Importer(815301076,1909f56bfc062723c751e8b465ee728b)  -> (artifact id: 'ca3ae6a74b10c20fcea414b322fba008') in 0.129206 seconds 
========================================================================
Received Import Request.
  Time since last request: 0.000105 seconds.
  path: Assets/Flooded_Grounds/Content/Materials/PROP_Gravestones1.mat
  artifactKey: Guid(e6f5834528a499646b75d68c40b11659) Importer(815301076,1909f56bfc062723c751e8b465ee728b)
Start importing Assets/Flooded_Grounds/Content/Materials/PROP_Gravestones1.mat using Guid(e6f5834528a499646b75d68c40b11659) Importer(815301076,1909f56bfc062723c751e8b465ee728b)  -> (artifact id: 'a53ce01ff0029f48298006e94ea2326d') in 0.061923 seconds 
========================================================================
Received Import Request.
  Time since last request: 0.000102 seconds.
  path: Assets/Flooded_Grounds/Content/Materials/PROP_SmallProps1.mat
  artifactKey: Guid(fa3b418599852594c8d15fb4d9ce097e) Importer(815301076,1909f56bfc062723c751e8b465ee728b)
Start importing Assets/Flooded_Grounds/Content/Materials/PROP_SmallProps1.mat using Guid(fa3b418599852594c8d15fb4d9ce097e) Importer(815301076,1909f56bfc062723c751e8b465ee728b)  -> (artifact id: 'ad675804767b7dd25243f7316da7d8d6') in 0.033835 seconds 
========================================================================
Received Import Request.
  Time since last request: 0.000119 seconds.
  path: Assets/Flooded_Grounds/Content/Materials/NAT_CobbleRocks1.mat
  artifactKey: Guid(eead33dff5f6ab2478ffa03b71e6e931) Importer(815301076,1909f56bfc062723c751e8b465ee728b)
Start importing Assets/Flooded_Grounds/Content/Materials/NAT_CobbleRocks1.mat using Guid(eead33dff5f6ab2478ffa03b71e6e931) Importer(815301076,1909f56bfc062723c751e8b465ee728b)  -> (artifact id: '41e72ac5e690c2186c03aa54e8e8a709') in 0.042037 seconds 
========================================================================
Received Import Request.
  Time since last request: 0.000103 seconds.
  path: Assets/Flooded_Grounds/Content/Materials/BLD_Rubble1.mat
  artifactKey: Guid(aa892dd8e16aef04697a0b7649944fd2) Importer(815301076,1909f56bfc062723c751e8b465ee728b)
Start importing Assets/Flooded_Grounds/Content/Materials/BLD_Rubble1.mat using Guid(aa892dd8e16aef04697a0b7649944fd2) Importer(815301076,1909f56bfc062723c751e8b465ee728b)  -> (artifact id: '991bf415f856327d88d62ee579fddf26') in 0.584010 seconds 
========================================================================
Received Import Request.
  Time since last request: 0.000190 seconds.
  path: Assets/Flooded_Grounds/Content/Materials/BLD_Bridge1.mat
  artifactKey: Guid(5a13720bee0f5804d91f33010ed31391) Importer(815301076,1909f56bfc062723c751e8b465ee728b)
Start importing Assets/Flooded_Grounds/Content/Materials/BLD_Bridge1.mat using Guid(5a13720bee0f5804d91f33010ed31391) Importer(815301076,1909f56bfc062723c751e8b465ee728b)  -> (artifact id: '2bacbd3974bc325e71bd6736ced2e5dc') in 0.060986 seconds 
========================================================================
Received Import Request.
  Time since last request: 0.000134 seconds.
  path: Assets/Flooded_Grounds/Content/Materials/BLD_Structures1_LOD.mat
  artifactKey: Guid(4868299c5b3ac2848925175126b6d2fa) Importer(815301076,1909f56bfc062723c751e8b465ee728b)
Start importing Assets/Flooded_Grounds/Content/Materials/BLD_Structures1_LOD.mat using Guid(4868299c5b3ac2848925175126b6d2fa) Importer(815301076,1909f56bfc062723c751e8b465ee728b)  -> (artifact id: 'c09a91348a27057f86b34e824b6f5eba') in 0.018907 seconds 
========================================================================
Received Import Request.
  Time since last request: 0.000137 seconds.
  path: Assets/Flooded_Grounds/Content/Materials/PROP_FlyingSaucer_Mossy.mat
  artifactKey: Guid(5f922f9d8a0eb6b49af35dc7edb53897) Importer(815301076,1909f56bfc062723c751e8b465ee728b)
Start importing Assets/Flooded_Grounds/Content/Materials/PROP_FlyingSaucer_Mossy.mat using Guid(5f922f9d8a0eb6b49af35dc7edb53897) Importer(815301076,1909f56bfc062723c751e8b465ee728b)  -> (artifact id: '8b6771ace1b936cd39adf06137f0a547') in 0.066061 seconds 
========================================================================
Received Import Request.
  Time since last request: 0.000122 seconds.
  path: Assets/Flooded_Grounds/Content/Materials/PROP_Car1.mat
  artifactKey: Guid(7133f30d0d44edd4fa2e40eb012e75ed) Importer(815301076,1909f56bfc062723c751e8b465ee728b)
Start importing Assets/Flooded_Grounds/Content/Materials/PROP_Car1.mat using Guid(7133f30d0d44edd4fa2e40eb012e75ed) Importer(815301076,1909f56bfc062723c751e8b465ee728b)  -> (artifact id: '020ee52645f60fb46ac1f6ddf3ff7e16') in 0.052709 seconds 
========================================================================
Received Import Request.
  Time since last request: 21.123245 seconds.
  path: Assets/Flooded_Grounds/Content/Materials/LighthouseLightMat.mat
  artifactKey: Guid(7e083f5c3ab9b4a5da82c2c21d0e1b62) Importer(815301076,1909f56bfc062723c751e8b465ee728b)
Start importing Assets/Flooded_Grounds/Content/Materials/LighthouseLightMat.mat using Guid(7e083f5c3ab9b4a5da82c2c21d0e1b62) Importer(815301076,1909f56bfc062723c751e8b465ee728b)  -> (artifact id: '01a87083f353f1f58e6e9783781f1619') in 0.649188 seconds 
========================================================================
Received Import Request.
  Time since last request: 357.708704 seconds.
  path: Assets/Scripts
  artifactKey: Guid(d22e71bcd208248c0be81623c2c6a46a) Importer(815301076,1909f56bfc062723c751e8b465ee728b)
Start importing Assets/Scripts using Guid(d22e71bcd208248c0be81623c2c6a46a) Importer(815301076,1909f56bfc062723c751e8b465ee728b)  -> (artifact id: '550c2a1984ed3d72cc92c2b6a789bc69') in 0.002492 seconds 
========================================================================
Received Import Request.
  Time since last request: 22.516541 seconds.
  path: Assets/Scripts/LighthouseRotater.cs
  artifactKey: Guid(149c209507c2849048af7e2c0a7c9129) Importer(815301076,1909f56bfc062723c751e8b465ee728b)
Start importing Assets/Scripts/LighthouseRotater.cs using Guid(149c209507c2849048af7e2c0a7c9129) Importer(815301076,1909f56bfc062723c751e8b465ee728b)  -> (artifact id: '92617e690e902993c5733e6a5cb7385a') in 0.722473 seconds 
========================================================================
Received Prepare
Registering precompiled user dll's ...
Registered in 0.002952 seconds.
Begin MonoManager ReloadAssembly
Symbol file LoadedFromMemory doesn't match image /Users/hsuehpo42777/Horror Survival 2022/Library/PackageCache/com.unity.visualscripting@1.7.8/Editor/VisualScripting.Core/Dependencies/YamlDotNet/Unity.VisualScripting.YamlDotNet.dll
Symbol file LoadedFromMemory doesn't match image /Users/hsuehpo42777/Horror Survival 2022/Library/PackageCache/com.unity.visualscripting@1.7.8/Editor/VisualScripting.Core/Dependencies/DotNetZip/Unity.VisualScripting.IonicZip.dll
Native extension for OSXStandalone target not found
Native extension for WebGL target not found
Refreshing native plugins compatible for Editor in 0.80 ms, found 2 plugins.
Preloading 0 native plugins for Editor in 0.00 ms.
Mono: successfully reloaded assembly
- Completed reload, in  1.706 seconds
Domain Reload Profiling:
	ReloadAssembly (1707ms)
		BeginReloadAssembly (266ms)
			ExecutionOrderSort (0ms)
			DisableScriptedObjects (9ms)
			BackupInstance (0ms)
			ReleaseScriptingObjects (0ms)
			CreateAndSetChildDomain (112ms)
		EndReloadAssembly (1252ms)
			LoadAssemblies (129ms)
			RebuildTransferFunctionScriptingTraits (0ms)
			SetupTypeCache (455ms)
				TypeCache.Initialize (445ms)
					TypeCache.ScanAssembly (439ms)
				ResolveRequiredComponents (10ms)
			ReleaseScriptCaches (2ms)
			RebuildScriptCaches (72ms)
			SetupLoadedEditorAssemblies (528ms)
				LogAssemblyErrors (0ms)
				InitializePlatformSupportModulesInManaged (35ms)
				SetLoadedEditorAssemblies (11ms)
				RefreshPlugins (1ms)
				BeforeProcessingInitializeOnLoad (75ms)
				ProcessInitializeOnLoadAttributes (359ms)
				ProcessInitializeOnLoadMethodAttributes (45ms)
				AfterProcessingInitializeOnLoad (1ms)
				EditorAssembliesLoaded (0ms)
			ExecutionOrderSort2 (0ms)
			AwakeInstancesAfterBackupRestoration (8ms)
Platform modules already initialized, skipping
Refreshing native plugins compatible for Editor in 2.06 ms, found 2 plugins.
Preloading 0 native plugins for Editor in 0.00 ms.
Unloading 3460 Unused Serialized files (Serialized files now loaded: 0)
Unloading 35 unused Assets / (2.4 MB). Loaded Objects now: 4035.
Memory consumption went from 0.68 GB to 0.68 GB.
Total: 6.889795 ms (FindLiveObjects: 0.436646 ms CreateObjectMapping: 0.212988 ms MarkObjects: 4.689639 ms  DeleteObjects: 1.548411 ms)

AssetImportParameters requested are different than current active one (requested -> active):
  custom:video-decoder-ogg-theora: a1e56fd34408186e4bbccfd4996cb3dc -> 
  custom:container-muxer-webm: aa71ff27fc2769a1b78a27578f13a17b -> 
  custom:container-demuxer-webm: 4f35f7cbe854078d1ac9338744f61a02 -> 
  custom:video-encoder-webm-vp8: eb34c28f22e8b96e1ab97ce403110664 -> 
  custom:framework-osx-AVFoundation: e770b220cccbd017edd2c1fefb359320 -> 
  custom:audio-encoder-webm-vorbis: bf7c407c2cedff20999df2af8eb42d56 -> 
  custom:container-demuxer-ogg: 62fdf1f143b41e24485cea50d1cbac27 -> 
  custom:video-decoder-webm-vp8: 9c59270c3fd7afecdb556c50c9e8de78 -> 
  custom:audio-decoder-ogg-vorbis: bf7c407c2cedff20999df2af8eb42d56 -> 
========================================================================
Received Import Request.
  Time since last request: 14.803118 seconds.
  path: Assets/Scripts/LightHouseRotater.cs
  artifactKey: Guid(149c209507c2849048af7e2c0a7c9129) Importer(815301076,1909f56bfc062723c751e8b465ee728b)
Start importing Assets/Scripts/LightHouseRotater.cs using Guid(149c209507c2849048af7e2c0a7c9129) Importer(815301076,1909f56bfc062723c751e8b465ee728b)  -> (artifact id: 'b4a8942e53e617c5fc09eb16b3ffc756') in 0.005152 seconds 
========================================================================
Received Prepare
Registering precompiled user dll's ...
Registered in 0.002574 seconds.
Begin MonoManager ReloadAssembly
Symbol file LoadedFromMemory doesn't match image /Users/hsuehpo42777/Horror Survival 2022/Library/PackageCache/com.unity.visualscripting@1.7.8/Editor/VisualScripting.Core/Dependencies/YamlDotNet/Unity.VisualScripting.YamlDotNet.dll
Symbol file LoadedFromMemory doesn't match image /Users/hsuehpo42777/Horror Survival 2022/Library/PackageCache/com.unity.visualscripting@1.7.8/Editor/VisualScripting.Core/Dependencies/DotNetZip/Unity.VisualScripting.IonicZip.dll
Native extension for OSXStandalone target not found
Native extension for WebGL target not found
Refreshing native plugins compatible for Editor in 1.21 ms, found 2 plugins.
Preloading 0 native plugins for Editor in 0.00 ms.
Mono: successfully reloaded assembly
- Completed reload, in  1.824 seconds
Domain Reload Profiling:
	ReloadAssembly (1826ms)
		BeginReloadAssembly (199ms)
			ExecutionOrderSort (0ms)
			DisableScriptedObjects (8ms)
			BackupInstance (0ms)
			ReleaseScriptingObjects (0ms)
			CreateAndSetChildDomain (89ms)
		EndReloadAssembly (1458ms)
			LoadAssemblies (91ms)
			RebuildTransferFunctionScriptingTraits (0ms)
			SetupTypeCache (461ms)
				TypeCache.Initialize (449ms)
					TypeCache.ScanAssembly (443ms)
				ResolveRequiredComponents (12ms)
			ReleaseScriptCaches (1ms)
			RebuildScriptCaches (89ms)
			SetupLoadedEditorAssemblies (677ms)
				LogAssemblyErrors (0ms)
				InitializePlatformSupportModulesInManaged (18ms)
				SetLoadedEditorAssemblies (17ms)
				RefreshPlugins (1ms)
				BeforeProcessingInitializeOnLoad (98ms)
				ProcessInitializeOnLoadAttributes (482ms)
				ProcessInitializeOnLoadMethodAttributes (58ms)
				AfterProcessingInitializeOnLoad (2ms)
				EditorAssembliesLoaded (0ms)
			ExecutionOrderSort2 (0ms)
			AwakeInstancesAfterBackupRestoration (9ms)
Platform modules already initialized, skipping
Refreshing native plugins compatible for Editor in 3.11 ms, found 2 plugins.
Preloading 0 native plugins for Editor in 0.00 ms.
Unloading 3460 Unused Serialized files (Serialized files now loaded: 0)
Unloading 35 unused Assets / (2.4 MB). Loaded Objects now: 4038.
Memory consumption went from 0.68 GB to 0.68 GB.
Total: 6.200994 ms (FindLiveObjects: 0.321553 ms CreateObjectMapping: 0.222158 ms MarkObjects: 4.171695 ms  DeleteObjects: 1.483076 ms)

AssetImportParameters requested are different than current active one (requested -> active):
  custom:video-decoder-ogg-theora: a1e56fd34408186e4bbccfd4996cb3dc -> 
  custom:container-muxer-webm: aa71ff27fc2769a1b78a27578f13a17b -> 
  custom:container-demuxer-webm: 4f35f7cbe854078d1ac9338744f61a02 -> 
  custom:video-encoder-webm-vp8: eb34c28f22e8b96e1ab97ce403110664 -> 
  custom:framework-osx-AVFoundation: e770b220cccbd017edd2c1fefb359320 -> 
  custom:audio-encoder-webm-vorbis: bf7c407c2cedff20999df2af8eb42d56 -> 
  custom:container-demuxer-ogg: 62fdf1f143b41e24485cea50d1cbac27 -> 
  custom:video-decoder-webm-vp8: 9c59270c3fd7afecdb556c50c9e8de78 -> 
  custom:audio-decoder-ogg-vorbis: bf7c407c2cedff20999df2af8eb42d56 -> 
========================================================================
Received Prepare
Registering precompiled user dll's ...
Registered in 0.002826 seconds.
Begin MonoManager ReloadAssembly
Symbol file LoadedFromMemory doesn't match image /Users/hsuehpo42777/Horror Survival 2022/Library/PackageCache/com.unity.visualscripting@1.7.8/Editor/VisualScripting.Core/Dependencies/YamlDotNet/Unity.VisualScripting.YamlDotNet.dll
Symbol file LoadedFromMemory doesn't match image /Users/hsuehpo42777/Horror Survival 2022/Library/PackageCache/com.unity.visualscripting@1.7.8/Editor/VisualScripting.Core/Dependencies/DotNetZip/Unity.VisualScripting.IonicZip.dll
Native extension for OSXStandalone target not found
Native extension for WebGL target not found
Refreshing native plugins compatible for Editor in 1.08 ms, found 2 plugins.
Preloading 0 native plugins for Editor in 0.00 ms.
Mono: successfully reloaded assembly
- Completed reload, in  1.736 seconds
Domain Reload Profiling:
	ReloadAssembly (1738ms)
		BeginReloadAssembly (202ms)
			ExecutionOrderSort (0ms)
			DisableScriptedObjects (8ms)
			BackupInstance (0ms)
			ReleaseScriptingObjects (0ms)
			CreateAndSetChildDomain (90ms)
		EndReloadAssembly (1371ms)
			LoadAssemblies (93ms)
			RebuildTransferFunctionScriptingTraits (0ms)
			SetupTypeCache (469ms)
				TypeCache.Initialize (456ms)
					TypeCache.ScanAssembly (451ms)
				ResolveRequiredComponents (12ms)
			ReleaseScriptCaches (1ms)
			RebuildScriptCaches (93ms)
			SetupLoadedEditorAssemblies (578ms)
				LogAssemblyErrors (0ms)
				InitializePlatformSupportModulesInManaged (21ms)
				SetLoadedEditorAssemblies (14ms)
				RefreshPlugins (1ms)
				BeforeProcessingInitializeOnLoad (104ms)
				ProcessInitializeOnLoadAttributes (383ms)
				ProcessInitializeOnLoadMethodAttributes (53ms)
				AfterProcessingInitializeOnLoad (1ms)
				EditorAssembliesLoaded (0ms)
			ExecutionOrderSort2 (0ms)
			AwakeInstancesAfterBackupRestoration (8ms)
Platform modules already initialized, skipping
Refreshing native plugins compatible for Editor in 1.49 ms, found 2 plugins.
Preloading 0 native plugins for Editor in 0.00 ms.
Unloading 3459 Unused Serialized files (Serialized files now loaded: 0)
Unloading 36 unused Assets / (2.4 MB). Loaded Objects now: 4040.
Memory consumption went from 0.68 GB to 0.68 GB.
Total: 5.108547 ms (FindLiveObjects: 0.274093 ms CreateObjectMapping: 0.176449 ms MarkObjects: 3.430597 ms  DeleteObjects: 1.225677 ms)

AssetImportParameters requested are different than current active one (requested -> active):
  custom:video-decoder-ogg-theora: a1e56fd34408186e4bbccfd4996cb3dc -> 
  custom:container-muxer-webm: aa71ff27fc2769a1b78a27578f13a17b -> 
  custom:container-demuxer-webm: 4f35f7cbe854078d1ac9338744f61a02 -> 
  custom:video-encoder-webm-vp8: eb34c28f22e8b96e1ab97ce403110664 -> 
  custom:framework-osx-AVFoundation: e770b220cccbd017edd2c1fefb359320 -> 
  custom:audio-encoder-webm-vorbis: bf7c407c2cedff20999df2af8eb42d56 -> 
  custom:container-demuxer-ogg: 62fdf1f143b41e24485cea50d1cbac27 -> 
  custom:video-decoder-webm-vp8: 9c59270c3fd7afecdb556c50c9e8de78 -> 
  custom:audio-decoder-ogg-vorbis: bf7c407c2cedff20999df2af8eb42d56 -> 
========================================================================
Received Import Request.
  Time since last request: 42.088981 seconds.
  path: Assets/Scripts/LightHouseRotator.cs
  artifactKey: Guid(86988d21ced2149bd80252054d0d9bf3) Importer(815301076,1909f56bfc062723c751e8b465ee728b)
Start importing Assets/Scripts/LightHouseRotator.cs using Guid(86988d21ced2149bd80252054d0d9bf3) Importer(815301076,1909f56bfc062723c751e8b465ee728b)  -> (artifact id: '259aeff09c7e4d51374fbe847c2aacaa') in 0.003429 seconds 
========================================================================
Received Prepare
Registering precompiled user dll's ...
Registered in 0.002917 seconds.
Begin MonoManager ReloadAssembly
Symbol file LoadedFromMemory doesn't match image /Users/hsuehpo42777/Horror Survival 2022/Library/PackageCache/com.unity.visualscripting@1.7.8/Editor/VisualScripting.Core/Dependencies/YamlDotNet/Unity.VisualScripting.YamlDotNet.dll
Symbol file LoadedFromMemory doesn't match image /Users/hsuehpo42777/Horror Survival 2022/Library/PackageCache/com.unity.visualscripting@1.7.8/Editor/VisualScripting.Core/Dependencies/DotNetZip/Unity.VisualScripting.IonicZip.dll
Native extension for OSXStandalone target not found
Native extension for WebGL target not found
Refreshing native plugins compatible for Editor in 1.15 ms, found 2 plugins.
Preloading 0 native plugins for Editor in 0.00 ms.
Mono: successfully reloaded assembly
- Completed reload, in  1.886 seconds
Domain Reload Profiling:
	ReloadAssembly (1888ms)
		BeginReloadAssembly (220ms)
			ExecutionOrderSort (0ms)
			DisableScriptedObjects (11ms)
			BackupInstance (0ms)
			ReleaseScriptingObjects (0ms)
			CreateAndSetChildDomain (97ms)
		EndReloadAssembly (1478ms)
			LoadAssemblies (98ms)
			RebuildTransferFunctionScriptingTraits (0ms)
			SetupTypeCache (483ms)
				TypeCache.Initialize (469ms)
					TypeCache.ScanAssembly (461ms)
				ResolveRequiredComponents (15ms)
			ReleaseScriptCaches (2ms)
			RebuildScriptCaches (105ms)
			SetupLoadedEditorAssemblies (643ms)
				LogAssemblyErrors (0ms)
				InitializePlatformSupportModulesInManaged (23ms)
				SetLoadedEditorAssemblies (15ms)
				RefreshPlugins (1ms)
				BeforeProcessingInitializeOnLoad (97ms)
				ProcessInitializeOnLoadAttributes (462ms)
				ProcessInitializeOnLoadMethodAttributes (43ms)
				AfterProcessingInitializeOnLoad (1ms)
				EditorAssembliesLoaded (0ms)
			ExecutionOrderSort2 (0ms)
			AwakeInstancesAfterBackupRestoration (7ms)
Platform modules already initialized, skipping
Refreshing native plugins compatible for Editor in 1.54 ms, found 2 plugins.
Preloading 0 native plugins for Editor in 0.00 ms.
Unloading 3460 Unused Serialized files (Serialized files now loaded: 0)
Unloading 35 unused Assets / (2.4 MB). Loaded Objects now: 4044.
Memory consumption went from 0.68 GB to 0.68 GB.
Total: 4.855054 ms (FindLiveObjects: 0.256029 ms CreateObjectMapping: 0.163263 ms MarkObjects: 3.525907 ms  DeleteObjects: 0.908074 ms)

AssetImportParameters requested are different than current active one (requested -> active):
  custom:video-decoder-ogg-theora: a1e56fd34408186e4bbccfd4996cb3dc -> 
  custom:container-muxer-webm: aa71ff27fc2769a1b78a27578f13a17b -> 
  custom:container-demuxer-webm: 4f35f7cbe854078d1ac9338744f61a02 -> 
  custom:video-encoder-webm-vp8: eb34c28f22e8b96e1ab97ce403110664 -> 
  custom:framework-osx-AVFoundation: e770b220cccbd017edd2c1fefb359320 -> 
  custom:audio-encoder-webm-vorbis: bf7c407c2cedff20999df2af8eb42d56 -> 
  custom:container-demuxer-ogg: 62fdf1f143b41e24485cea50d1cbac27 -> 
  custom:video-decoder-webm-vp8: 9c59270c3fd7afecdb556c50c9e8de78 -> 
  custom:audio-decoder-ogg-vorbis: bf7c407c2cedff20999df2af8eb42d56 -> 
========================================================================
Received Prepare
Registering precompiled user dll's ...
Registered in 0.002254 seconds.
Begin MonoManager ReloadAssembly
Symbol file LoadedFromMemory doesn't match image /Users/hsuehpo42777/Horror Survival 2022/Library/PackageCache/com.unity.visualscripting@1.7.8/Editor/VisualScripting.Core/Dependencies/YamlDotNet/Unity.VisualScripting.YamlDotNet.dll
Symbol file LoadedFromMemory doesn't match image /Users/hsuehpo42777/Horror Survival 2022/Library/PackageCache/com.unity.visualscripting@1.7.8/Editor/VisualScripting.Core/Dependencies/DotNetZip/Unity.VisualScripting.IonicZip.dll
Native extension for OSXStandalone target not found
Native extension for WebGL target not found
Refreshing native plugins compatible for Editor in 1.24 ms, found 2 plugins.
Preloading 0 native plugins for Editor in 0.00 ms.
Mono: successfully reloaded assembly
- Completed reload, in  2.046 seconds
Domain Reload Profiling:
	ReloadAssembly (2048ms)
		BeginReloadAssembly (302ms)
			ExecutionOrderSort (0ms)
			DisableScriptedObjects (16ms)
			BackupInstance (0ms)
			ReleaseScriptingObjects (0ms)
			CreateAndSetChildDomain (120ms)
		EndReloadAssembly (1528ms)
			LoadAssemblies (130ms)
			RebuildTransferFunctionScriptingTraits (0ms)
			SetupTypeCache (599ms)
				TypeCache.Initialize (587ms)
					TypeCache.ScanAssembly (578ms)
				ResolveRequiredComponents (12ms)
			ReleaseScriptCaches (2ms)
			RebuildScriptCaches (104ms)
			SetupLoadedEditorAssemblies (576ms)
				LogAssemblyErrors (0ms)
				InitializePlatformSupportModulesInManaged (25ms)
				SetLoadedEditorAssemblies (16ms)
				RefreshPlugins (1ms)
				BeforeProcessingInitializeOnLoad (100ms)
				ProcessInitializeOnLoadAttributes (387ms)
				ProcessInitializeOnLoadMethodAttributes (43ms)
				AfterProcessingInitializeOnLoad (3ms)
				EditorAssembliesLoaded (0ms)
			ExecutionOrderSort2 (0ms)
			AwakeInstancesAfterBackupRestoration (8ms)
Platform modules already initialized, skipping
Refreshing native plugins compatible for Editor in 4.55 ms, found 2 plugins.
Preloading 0 native plugins for Editor in 0.00 ms.
Unloading 3460 Unused Serialized files (Serialized files now loaded: 0)
Unloading 35 unused Assets / (2.4 MB). Loaded Objects now: 4047.
Memory consumption went from 0.68 GB to 0.68 GB.
Total: 5.352805 ms (FindLiveObjects: 0.369266 ms CreateObjectMapping: 0.169835 ms MarkObjects: 3.879084 ms  DeleteObjects: 0.932720 ms)

AssetImportParameters requested are different than current active one (requested -> active):
  custom:video-decoder-ogg-theora: a1e56fd34408186e4bbccfd4996cb3dc -> 
  custom:container-muxer-webm: aa71ff27fc2769a1b78a27578f13a17b -> 
  custom:container-demuxer-webm: 4f35f7cbe854078d1ac9338744f61a02 -> 
  custom:video-encoder-webm-vp8: eb34c28f22e8b96e1ab97ce403110664 -> 
  custom:framework-osx-AVFoundation: e770b220cccbd017edd2c1fefb359320 -> 
  custom:audio-encoder-webm-vorbis: bf7c407c2cedff20999df2af8eb42d56 -> 
  custom:container-demuxer-ogg: 62fdf1f143b41e24485cea50d1cbac27 -> 
  custom:video-decoder-webm-vp8: 9c59270c3fd7afecdb556c50c9e8de78 -> 
  custom:audio-decoder-ogg-vorbis: bf7c407c2cedff20999df2af8eb42d56 -> 
========================================================================
Received Prepare
Registering precompiled user dll's ...
Registered in 0.003722 seconds.
Begin MonoManager ReloadAssembly
Symbol file LoadedFromMemory doesn't match image /Users/hsuehpo42777/Horror Survival 2022/Library/PackageCache/com.unity.visualscripting@1.7.8/Editor/VisualScripting.Core/Dependencies/YamlDotNet/Unity.VisualScripting.YamlDotNet.dll
Symbol file LoadedFromMemory doesn't match image /Users/hsuehpo42777/Horror Survival 2022/Library/PackageCache/com.unity.visualscripting@1.7.8/Editor/VisualScripting.Core/Dependencies/DotNetZip/Unity.VisualScripting.IonicZip.dll
Native extension for OSXStandalone target not found
Native extension for WebGL target not found
Refreshing native plugins compatible for Editor in 1.04 ms, found 2 plugins.
Preloading 0 native plugins for Editor in 0.00 ms.
Mono: successfully reloaded assembly
- Completed reload, in  2.104 seconds
Domain Reload Profiling:
	ReloadAssembly (2106ms)
		BeginReloadAssembly (260ms)
			ExecutionOrderSort (0ms)
			DisableScriptedObjects (14ms)
			BackupInstance (0ms)
			ReleaseScriptingObjects (0ms)
			CreateAndSetChildDomain (120ms)
		EndReloadAssembly (1669ms)
			LoadAssemblies (102ms)
			RebuildTransferFunctionScriptingTraits (0ms)
			SetupTypeCache (608ms)
				TypeCache.Initialize (592ms)
					TypeCache.ScanAssembly (580ms)
				ResolveRequiredComponents (16ms)
			ReleaseScriptCaches (3ms)
			RebuildScriptCaches (111ms)
			SetupLoadedEditorAssemblies (699ms)
				LogAssemblyErrors (0ms)
				InitializePlatformSupportModulesInManaged (20ms)
				SetLoadedEditorAssemblies (16ms)
				RefreshPlugins (1ms)
				BeforeProcessingInitializeOnLoad (97ms)
				ProcessInitializeOnLoadAttributes (497ms)
				ProcessInitializeOnLoadMethodAttributes (65ms)
				AfterProcessingInitializeOnLoad (1ms)
				EditorAssembliesLoaded (0ms)
			ExecutionOrderSort2 (0ms)
			AwakeInstancesAfterBackupRestoration (9ms)
Platform modules already initialized, skipping
Refreshing native plugins compatible for Editor in 3.63 ms, found 2 plugins.
Preloading 0 native plugins for Editor in 0.00 ms.
Unloading 3460 Unused Serialized files (Serialized files now loaded: 0)
Unloading 35 unused Assets / (2.4 MB). Loaded Objects now: 4050.
Memory consumption went from 0.68 GB to 0.68 GB.
Total: 9.887935 ms (FindLiveObjects: 0.472111 ms CreateObjectMapping: 0.717737 ms MarkObjects: 7.252754 ms  DeleteObjects: 1.443184 ms)

AssetImportParameters requested are different than current active one (requested -> active):
  custom:video-decoder-ogg-theora: a1e56fd34408186e4bbccfd4996cb3dc -> 
  custom:container-muxer-webm: aa71ff27fc2769a1b78a27578f13a17b -> 
  custom:container-demuxer-webm: 4f35f7cbe854078d1ac9338744f61a02 -> 
  custom:video-encoder-webm-vp8: eb34c28f22e8b96e1ab97ce403110664 -> 
  custom:framework-osx-AVFoundation: e770b220cccbd017edd2c1fefb359320 -> 
  custom:audio-encoder-webm-vorbis: bf7c407c2cedff20999df2af8eb42d56 -> 
  custom:container-demuxer-ogg: 62fdf1f143b41e24485cea50d1cbac27 -> 
  custom:video-decoder-webm-vp8: 9c59270c3fd7afecdb556c50c9e8de78 -> 
  custom:audio-decoder-ogg-vorbis: bf7c407c2cedff20999df2af8eb42d56 -> 
